2026-03-10 00:16:06,552 [INFO] ============================================================
2026-03-10 00:16:06,553 [INFO] 🚀 Sync Agilizador — Importar histórico de cotações
2026-03-10 00:16:06,553 [INFO]    Limit: 200
2026-03-10 00:16:06,553 [INFO] ============================================================
2026-03-10 00:16:07,088 [INFO] ============================================================
2026-03-10 00:16:07,089 [INFO] 🔐 Fazendo login no Agilizador...
2026-03-10 00:16:07,089 [INFO] Navegando para login: https://aggilizador.com.br/login
2026-03-10 00:16:19,405 [WARNING] Token JWT não encontrado no storage
2026-03-10 00:16:19,405 [INFO] Login OK. URL atual: https://aggilizador.com.br/login
2026-03-10 00:16:20,406 [INFO] ============================================================
2026-03-10 00:16:20,406 [INFO] 📋 Coletando lista de cotações (limit=200)...
2026-03-10 00:16:20,406 [INFO] Navegando para lista de cotações...
2026-03-10 00:16:28,108 [INFO] Nenhuma listagem interceptada, tentando endpoints diretos...
2026-03-10 00:16:33,993 [INFO] Tentando extrair UUIDs via DOM da página...
2026-03-10 00:16:34,018 [INFO] UUIDs encontrados no DOM: 1
2026-03-10 00:16:34,018 [INFO] ✅ 1 cotações encontradas na lista
2026-03-10 00:16:36,495 [INFO] ============================================================
2026-03-10 00:16:36,495 [INFO] ✅ SYNC CONCLUÍDO
2026-03-10 00:16:36,495 [INFO]    Total processadas: 1
2026-03-10 00:16:36,495 [INFO]    Cotações novas:    1
2026-03-10 00:16:36,495 [INFO]    Cotações skip:     0
2026-03-10 00:16:36,495 [INFO]    Clientes novos:    0
2026-03-10 00:16:36,495 [INFO]    Resultados:        0
2026-03-10 00:16:36,495 [INFO]    Erros:             0
2026-03-10 00:16:36,496 [INFO]    Tempo:             29.9s
2026-03-10 00:16:36,496 [INFO] ============================================================
2026-03-10 00:17:26,145 [INFO] ============================================================
2026-03-10 00:17:26,146 [INFO] 🚀 Sync Agilizador — Importar histórico de cotações
2026-03-10 00:17:26,146 [INFO]    Limit: 200
2026-03-10 00:17:26,146 [INFO] ============================================================
2026-03-10 00:17:26,481 [INFO] ============================================================
2026-03-10 00:17:26,481 [INFO] 🔐 Fazendo login no Agilizador...
2026-03-10 00:17:26,481 [INFO] Navegando para login: https://aggilizador.com.br/login
2026-03-10 00:17:35,037 [INFO] 📋 Lista (array) encontrada: https://api-prod.aggilizador.com.br/usuario/listaUsuarios (3 items)
2026-03-10 00:17:35,172 [INFO] 📋 Lista (array) encontrada: https://api-prod.aggilizador.com.br/cfg/seguradora/config (26 items)
2026-03-10 00:17:38,229 [INFO] 📋 Lista (array) encontrada: https://api-prod.aggilizador.com.br/usuario/listaUsuarios (3 items)
2026-03-10 00:17:38,829 [INFO] 📋 Listagem (data) encontrada: https://api.multicalculo.net/calculo/negocio/busca/v2?textoBusca=&modo=2&page=1& (40 items)
2026-03-10 00:17:41,875 [WARNING] Token JWT não encontrado no storage
2026-03-10 00:17:41,875 [INFO] Login OK. URL atual: https://aggilizador.com.br/cotacoes
2026-03-10 00:17:42,876 [INFO] ============================================================
2026-03-10 00:17:42,876 [INFO] 📋 Coletando lista de cotações (limit=200)...
2026-03-10 00:17:42,876 [INFO] Navegando para lista de cotações...
2026-03-10 00:17:43,973 [INFO] 📋 Lista (array) encontrada: https://api-prod.aggilizador.com.br/usuario/listaUsuarios (3 items)
2026-03-10 00:17:44,140 [INFO] 📋 Lista (array) encontrada: https://api-prod.aggilizador.com.br/cfg/seguradora/config (26 items)
2026-03-10 00:17:45,503 [INFO] 📋 Listagem (data) encontrada: https://api.multicalculo.net/calculo/negocio/busca/v2?textoBusca=&modo=2&page=1& (40 items)
2026-03-10 00:17:49,566 [INFO] Encontrou link: 'RUA OTHELO ROSA, 216 - CINQÜENTENÁRIO
09/03/2026 18:57
Calculado
Aggilizador
Sierra Soluções em Seguros' → /cotacao/residencial/resultados/b8132c93-c3b2-42d9-8d5f-395e6bf37084
2026-03-10 00:17:51,468 [INFO] 📋 Lista (array) encontrada: https://api.multicalculo.net/app/seguradoraStatus/ (55 items)
2026-03-10 00:17:52,564 [INFO] 📋 Lista (array) encontrada: https://api.multicalculo.net/calculo/cotacao/versoes/b8132c93-c3b2-42d9-8d5f-395 (2 items)
2026-03-10 00:17:52,582 [INFO] Navegou para: https://aggilizador.com.br/cotacao/residencial/resultados/b8132c93-c3b2-42d9-8d5f-395e6bf37084
2026-03-10 00:17:53,478 [INFO] 📋 Lista (array) encontrada: https://api.multicalculo.net/calculo/seguradorasRenovacao (68 items)
2026-03-10 00:17:53,805 [INFO] 📋 Lista (array) encontrada: https://api-prod.aggilizador.com.br/calculo/seguradorasMulti (23 items)
2026-03-10 00:17:54,618 [INFO] Listagem interceptada: 3 cotações em https://api-prod.aggilizador.com.br/usuario/listaUsuarios
2026-03-10 00:17:54,618 [INFO] Listagem interceptada: 26 cotações em https://api-prod.aggilizador.com.br/cfg/seguradora/config
2026-03-10 00:17:54,618 [INFO] Listagem interceptada: 3 cotações em https://api-prod.aggilizador.com.br/usuario/listaUsuarios
2026-03-10 00:17:54,618 [INFO] Listagem interceptada: 40 cotações em https://api.multicalculo.net/calculo/negocio/busca/v2?textoBusca=&modo=2&page=1&
2026-03-10 00:17:54,618 [INFO] Listagem interceptada: 3 cotações em https://api-prod.aggilizador.com.br/usuario/listaUsuarios
2026-03-10 00:17:54,618 [INFO] Listagem interceptada: 26 cotações em https://api-prod.aggilizador.com.br/cfg/seguradora/config
2026-03-10 00:17:54,618 [INFO] Listagem interceptada: 40 cotações em https://api.multicalculo.net/calculo/negocio/busca/v2?textoBusca=&modo=2&page=1&
2026-03-10 00:17:54,618 [INFO] Listagem interceptada: 55 cotações em https://api.multicalculo.net/app/seguradoraStatus/
2026-03-10 00:17:54,618 [INFO] Listagem interceptada: 2 cotações em https://api.multicalculo.net/calculo/cotacao/versoes/b8132c93-c3b2-42d9-8d5f-395
2026-03-10 00:17:54,618 [INFO] Listagem interceptada: 68 cotações em https://api.multicalculo.net/calculo/seguradorasRenovacao
2026-03-10 00:17:54,618 [INFO] Listagem interceptada: 23 cotações em https://api-prod.aggilizador.com.br/calculo/seguradorasMulti
2026-03-10 00:17:54,618 [INFO] ✅ 200 cotações encontradas na lista
2026-03-10 00:17:54,666 [INFO] 📋 Lista (array) encontrada: https://api.multicalculo.net/calculo/seguradorasRenovacao (68 items)
2026-03-10 00:17:54,781 [INFO] 📋 Listagem (data) encontrada: https://api.multicalculo.net/calculo/seguradorasDiscountStatus?ramo=residencia (11 items)
2026-03-10 00:18:15,635 [INFO] 📊 Progresso: 10/200 | novas=10 skip=0 erros=0
2026-03-10 00:18:36,032 [INFO] 📊 Progresso: 20/200 | novas=20 skip=0 erros=0
2026-03-10 00:18:55,905 [INFO] 📊 Progresso: 30/200 | novas=29 skip=1 erros=0
2026-03-10 00:18:59,411 [INFO] 📊 Progresso: 40/200 | novas=29 skip=11 erros=0
2026-03-10 00:18:59,411 [INFO] 📊 Progresso: 50/200 | novas=29 skip=21 erros=0
2026-03-10 00:18:59,411 [INFO] 📊 Progresso: 60/200 | novas=29 skip=31 erros=0
2026-03-10 00:18:59,411 [INFO] 📊 Progresso: 70/200 | novas=29 skip=41 erros=0
2026-03-10 00:19:11,854 [INFO] 📊 Progresso: 80/200 | novas=29 skip=51 erros=0
2026-03-10 00:19:28,853 [INFO] 📊 Progresso: 90/200 | novas=29 skip=61 erros=0
2026-03-10 00:19:45,556 [INFO] 📊 Progresso: 100/200 | novas=29 skip=71 erros=0
2026-03-10 00:19:47,284 [INFO] 📊 Progresso: 110/200 | novas=29 skip=81 erros=0
2026-03-10 00:19:47,284 [INFO] 📊 Progresso: 120/200 | novas=29 skip=91 erros=0
2026-03-10 00:19:47,284 [INFO] 📊 Progresso: 130/200 | novas=29 skip=101 erros=0
2026-03-10 00:19:47,284 [INFO] 📊 Progresso: 140/200 | novas=29 skip=111 erros=0
2026-03-10 00:20:01,505 [INFO] 📊 Progresso: 150/200 | novas=29 skip=121 erros=0
2026-03-10 00:20:17,779 [INFO] 📊 Progresso: 160/200 | novas=29 skip=131 erros=0
2026-03-10 00:20:33,713 [INFO] 📊 Progresso: 170/200 | novas=29 skip=141 erros=0
2026-03-10 00:20:50,499 [INFO] 📊 Progresso: 180/200 | novas=31 skip=149 erros=0
2026-03-10 00:21:06,389 [INFO] 📊 Progresso: 190/200 | novas=31 skip=159 erros=0
