Retrieving folder contents
Retrieving folder 1UdUTn7w5oWeS7N8vFSUbBDug5oNc5ebA 3Promo Recursos Humanos LTDA
Retrieving folder 1ZdjEzu0YTwHWzV83t0Bn88p8lLUs-Rml 2021-2022
Processing file 1WLM4QzHLEV_QiZ16YPgnexokn0mZR7se 3ª Parcela - 27-08-21.pdf
Processing file 1TEkCJ3RugQDEr2fnFtxqfGi5TCLZxggh 9ª Parcela 25-02-22.pdf
Processing file 1Rw5IAm5vbyiq_VerwWsUAxhpbvAvDij_ 10ª Parcela 26-03-22.pdf
Processing file 1SMn69-_44I_rmN8cLdI7WqMjB3hjB5Hg 12ª Parcela 30-05-22.pdf
Processing file 1Ini0qv6KbWLjjCWfs5yNGoT0PMeVC0Gc Apólice.pdf
Processing file 1BOWqpdQ1cZ34UPwv8yU-5vvSDYjP0VHZ Carne de Pagamento.pdf
Processing file 1u0zFlJig3lKmO_m0_aEBIcYEoYdgoObR Cartão Segurado.pdf
Processing file 1YmMS5do4D6VrXBr65aRk8Uz9olz2Bxvl Nova Proposta.pdf
Processing file 1sggq6oG4Dir_FwzG1ZyVsBOzBO5DqGBj Oitava Parcela 27-01-22.pdf
Processing file 1cHXJJ417Mo94MlQrXn6I2wRGzwsxmE2u Parcela 07 - 28-12-21.pdf
Processing file 1ecLcSXZaAWc9cXWMoMxwBas_MEPJo5Op Primeira Parcela 25-06-21.pdf
Processing file 1RAenRD6OPP1YlHGw8uLTv3Bo-ZMdsEst Primeira Parcela 30-06-21 - Bol Atualizado.pdf
Processing file 1O_FzdekJZL1qbH2htND4zJkU0YNm4RWY Resumo do Seguro.pdf
Retrieving folder 1fru42OmS7B2qvyt8r-sAToror3tfFSX7 Apólice Cancelada - 25 vidas
Processing file 1LLErsSwogMA_vQGOGsEaf1DYmo8M1vFl Apólice.pdf
Processing file 1JTUlTWWWy8Dtq853TnVGAW-6XRwgCY39 Carnê de Pagamento.pdf
Processing file 1rrihhBG8k3BNBvgsoW2srBjjsX2Yk6ig Cartão Assistência.pdf
Processing file 1Fry8OBx1fk-0hQpIbBXKtAemhNUTSXQs Primeiro Boleto 20-03-21.pdf
Processing file 1hBSufsoVyFkioECUZQzkMWY49mt_7Tem Proposta Cancelamento.pdf
Processing file 1HfEXlGZyVMska7hItPTt4ksC5OO56Bxc Proposta.pdf
Processing file 1X_frifVYRQcXIMWBsknqKPDblhZdrbg0 Apólice 2022.pdf
Processing file 1kmmDPd8jIRYTTYYv45rU0XXnB1D0Xjc0 Apólice de Endosso.pdf
Processing file 1PPLNvnyz_Pj-VXjUPgtTr_41UPSpyp4J Carne Pagamento.pdf
Processing file 1wrVhJz3aSzTySB19Z_ywT7VMLvQb0KUq Primeira Parcela 25-06-22.pdf
Processing file 1RE7J1g9B-2EpD36aGElEnCaIIcIUO4eR Proposta End - Alteração de Vidas.pdf
Processing file 1B8eqMa6u9mfmVZ3Jddjwcg9Ll0rYMhVo Proposta End Cancelamento.pdf
Retrieving folder 1Pa0kXalkqZlno532GMd1VC3TT1joKa-Y 3Promo Recursos Humanos LTDA-Eduardo
Retrieving folder 15oRiHX7EbMdV8GuqTOCRd4ABO-k9DhfK 2021-2022
Processing file 1a8PGVtLcDTT0lpd4SpPW9qnmy5nkt3EA 3ª Parcela - 27-08-21.pdf
Processing file 16T3Zm3-zM0sFjYGdq7IK19ywv6S_rMWt 9ª Parcela 25-02-22.pdf
Processing file 1-htdnHeT42KNarggpE7-cex2CKw_b7lX 10ª Parcela 26-03-22.pdf
Processing file 10Am_f-bTHaBWSDO5KhgDDWSyn9rhqggz 12ª Parcela 30-05-22.pdf
Processing file 1YpPhNVyhJSMImd5TE0ybDKor12-qDSbX Apólice.pdf
Processing file 1e0Q2-KCYt4TtpcFyHxbm7Jr5DIDh_cqm Carne de Pagamento.pdf
Processing file 1XtC8bKn2A4gOd4GktzHn5oFJNrtnekOY Cartão Segurado.pdf
Processing file 1m6g_Jv3NmrqE9_DTtzYB0JjzpFtNWXij Nova Proposta.pdf
Processing file 1xb6tWsHf933hIHrAAa1q92anZi9CSY71 Oitava Parcela 27-01-22.pdf
Processing file 1xV7YFn27CvmXh-GyV5OlWWBMZNibPNxD Parcela 07 - 28-12-21.pdf
Processing file 1PMnG_Ts50nGtjioMw8od3qrpnvhSSY2K Primeira Parcela 25-06-21.pdf
Processing file 1emCS6J-0urcm0lOmerJtIGk53MRKNbol Primeira Parcela 30-06-21 - Bol Atualizado.pdf
Processing file 1Col2LbjMX9xxZ1_7JR2gxz4l1UIJy0Sm Resumo do Seguro.pdf
Retrieving folder 1YqEirW-qANkwGrOeQJzIiM2_6LkXAMpU Apólice Cancelada - 25 vidas
Processing file 1rsQmeGs983GeCnmfO04agW3VV7EyA9qT Apólice.pdf
Processing file 1mTWByx84yJFEvj-u53rJaXj2EeM3E-Ag Carnê de Pagamento.pdf
Processing file 1__b_cJWX0nJHuJuBtjnTWsQWFkycZ_Wq Cartão Assistência.pdf
Processing file 1XybzZar8ulxs2iWnvllwsy23mWyhOOJK Primeiro Boleto 20-03-21.pdf
Processing file 1Kf1iz51A3gjXXf1ZO_CZO8RUXTmuWvR5 Proposta Cancelamento.pdf
Processing file 1pKerzXzxTx169IxPmaSY-q1B4OrEOrtI Proposta.pdf
Processing file 15NEkpVFLhhCErYNX5bWw9cyWw6O097ER Apólice 2022.pdf
Processing file 1323wHeYtMqDOFltjUjuUtuXlGrDgliv0 Apólice de Endosso.pdf
Processing file 1mR5qYqKFEGlqho2nlwtJfHQqerzwsQRo Carne Pagamento.pdf
Processing file 17LPuXRzid8aJO5YzhZGH9yHuj7aWRwfY Primeira Parcela 25-06-22.pdf
Processing file 1zucKzuWvSVbLJK6ra6P2r5L5i-6ixm0Z Proposta End - Alteração de Vidas.pdf
Processing file 1Gfnat-jMsvGeMgnJAJe-VDg7IrOc6T3A Proposta End Cancelamento.pdf
Retrieving folder 1jOOzS3Yt5_hkHR801mJ7Xp1RP6xBdKLI A2A Representação e Desenvolvimento
Retrieving folder 1Y8rMTavG8hVcduF3uFrwx-jyUQS1n4Dl Cancelado
Processing file 1gnS4bUtaYLOyBjk69I5mi1qAHOauCiIr Boleto.pdf
Processing file 1k4EAwlTKl9B0KJBPccV-HMyoBj_rCrkd Comprovante de Inscrição e de Situação Cadastral A2A.pdf
Processing file 1x9O4YMk_9HZFpjZsBiu0U0yOjQq4lr2l Proposta.pdf
Processing file 1dIxkhprvddwcHokCV-fEZq4Ke7Ony_r8 opção 1.pdf
Processing file 120Py0cEjDmum-m6-ajgcVX1K8glzlj68 Opção 2.pdf
Retrieving folder 1LjfyYIOgRvdCV_H8os8CCrKuEob8is3s A2A Representação e Desenvolvimento-Eduardo
Retrieving folder 1yiAdft8qCVHF8kj7trE4CwCYTnMcubQL Cancelado
Processing file 1tYOKx4V5A5ZlfW734SC626OWrl2Pai6e Boleto.pdf
Processing file 12aTCH0zQCZfwpev1z8F9_XhNCdeEDejh Comprovante de Inscrição e de Situação Cadastral A2A.pdf
Processing file 1vUg64Bj81xFPNkZFxZGxVnN4Nq7fRPoe Proposta.pdf
Processing file 1DD3K7U-mcqLWkwIDMldDTY0q09APBENS opção 1.pdf
Processing file 1MLe85mkWLsiFmnYC2liNMTz1J1EibBxE Opção 2.pdf
Retrieving folder 1S9oCSsTVb7f1-MkBrHCbifxL8QtaVXf- Adair Dalmoro
Retrieving folder 1bCyOgnVv32NJuMPkkz9IlkmjCRE1HGUI 2018-2019
Processing file 1oYtlLGC9DmAwdzYrpQMhJ18y-LV_Qb5m Apólice.pdf
Processing file 1-fm7mVGSmlX3eghsAUn-eRT-YWPKMqNn cartão do segurado.pdf
Processing file 1xiNhBMD1Y7PeI3Atp0z2T7owDmAkINPs Proposta.pdf
Retrieving folder 1kMSPmA_pAUkAvwsTJDRKhIjm8STWmgjs Doc
Processing file 1uLC0W-EwmF3VKWDfEPrz-7z-buihgvh5 Apólice Adair Dalmoro.pdf
Processing file 1-yuKpmZkWXexdALQagzs1xP1DwRo5bqH Orçamento Renovação.pdf
Retrieving folder 1ZxXW97WeQLnzfZdQ-dQDxDPp3OjgzJDP Adair Dalmoro-Eduardo
Retrieving folder 1bhpc7uuossDnMRm2vau6GIlmvZGZUTK9 2018-2019
Processing file 1feeMiXRruvcEapH7qbEzucPTTAJ09N_m Apólice.pdf
Processing file 107azWciix_CeCouFoiyfxRDwePd9JvmI cartão do segurado.pdf
Processing file 1FVQrklaD8sj9MV7yK_F5Ua33w3pW7Gpx Proposta.pdf
Retrieving folder 14v_Rw27G3U96yt6f4taRUUXXndlrDboc Doc
Processing file 1DHFarsnB0pl1lE9Sfk03H4ppsFHMNUP4 Apólice Adair Dalmoro.pdf
Processing file 1ONozKEihSrPx-kyaiU8xRtt31BnJSeTb Orçamento Renovação.pdf
Retrieving folder 1KnVACsPRTt5qa-b2luos3_riS8lrBKlE Adalmir Antonio Smaniotto
Retrieving folder 1DM-teLs-2TDE-Ndb-3JSUd0ok_JQTKsw 2023-2024
Processing file 15DJc8zdxbN1-0MzCMaMD7j6o3DBEj8LI Apólice Resumida.pdf
Processing file 1mApzR13fmol2bk8VH-2hjIE85owE_QiL Apólice.pdf
Processing file 1g7yceQ9eOyXcBE3KZSzIQBWW7h_pxbtD Cartão do segurado.pdf
Processing file 1vZK-2bv1wgx2JZgDmCxtGqo0CPbqST7Z doc 2.jpeg
Processing file 1KOVlOAl3DoeJGoh61dxcOrUh1nvIHZ16 Doc. veic.jpeg
Processing file 12lTVNMQF12FNfHhjFq8YeCyXZx9ZwRgP Proposta.pdf
Processing file 1TeXLccSSgHTGXC7ABMUEbdstx8BT-oT5 Adalmir- Orçamento.pdf
Processing file 1_nmB8qbcZMlD3kgoNna-lE03mr_Nz5qd Azul 20%.pdf
Processing file 17-xXbK5eRTh6uImfSyTFs8hq5MopdZ59 HDI 150.pdf
Processing file 1lEiTOMzp65NW3WMuR6PCR5xAhK_xU0jO HDI 250.pdf
Processing file 1B_k9wm2n5o8jInlZym7Ptas4a1cRstYZ Orçamento focus.pdf
Processing file 1rPLYHw3MlhexeZx1sXZTe9K1QJLNKU2F tokio.pdf
Retrieving folder 1UJpf_zBI1rGPGsKH4sLsNONEcJHB-ykr Adalmir Antonio Smaniotto-Eduardo
Retrieving folder 1-EPE_GPcnzdK_mXnvMvcOV3AHTrkFfrT 2023-2024
Processing file 1MCfVqZ3lPIiMI7u_6Ro5EruucCnyxIcA Apólice Resumida.pdf
Processing file 1dTVhy44y-u7vHtr7qc1cIqXQTgOZqeA_ Apólice.pdf
Processing file 1eXoAh25rLCc5-Qih4GoKLvX6QSul97OR Cartão do segurado.pdf
Processing file 16FJiFh86sKJ_itl33QAZ5bzFkT27GerQ doc 2.jpeg
Processing file 19c2Kl_u6mdQBdNKpHJ6VHesOWG8hxerl Doc. veic.jpeg
Processing file 1Noz6eJomBwbTkFVqCoPa9HdtKGohVUNY Proposta.pdf
Processing file 1VNw4zx7O_BGaQlLWU2ms2bf-SHDVUOGS Adalmir- Orçamento.pdf
Processing file 1HxiCSIXDdMnHn8ni2n-XUA_tdFyDucay Azul 20%.pdf
Processing file 1T5_E7tB6E3FU1qs2zvQybkymbz6XudDL HDI 150.pdf
Processing file 1Hj6zkrVVC1e0ItTO_PpRDF8UQT122uQC HDI 250.pdf
Processing file 1-9atDfcg_MzAoHWiJEQ2finsR1NFcDtn Orçamento focus.pdf
Processing file 1kBH8AWEIyc-bUWZBby3oUfCkxFo2odFC 