Remaining: 841 folders
[5/841] 74 files from 15 folders
[10/841] 96 files from 20 folders
[15/841] 124 files from 25 folders
[20/841] 148 files from 30 folders
[25/841] 173 files from 35 folders
[30/841] 191 files from 40 folders
[35/841] 208 files from 45 folders
[40/841] 226 files from 50 folders
[45/841] 246 files from 55 folders
[50/841] 264 files from 60 folders
[55/841] 279 files from 65 folders
[60/841] 296 files from 70 folders
[65/841] 315 files from 75 folders
[70/841] 341 files from 80 folders
[75/841] 357 files from 85 folders
[80/841] 370 files from 90 folders
[90/841] 395 files from 100 folders
[95/841] 419 files from 105 folders
[100/841] 435 files from 110 folders
[120/841] 478 files from 130 folders
[130/841] 490 files from 140 folders
[135/841] 502 files from 145 folders
[140/841] 513 files from 150 folders
[145/841] 516 files from 155 folders
[150/841] 527 files from 160 folders
[180/841] 551 files from 190 folders
[205/841] 574 files from 215 folders
[220/841] 581 files from 230 folders
[240/841] 610 files from 250 folders
ERROR FSC Comércio de Alimentos LTDA - Pasta e Cia: ElementHandle.dblclick: Element is not attached to
ERROR Francelina Moreira Dossin: ElementHandle.dblclick: Element is not attached to
ERROR Francini Giacometti - Vida: ElementHandle.dblclick: Element is not attached to
[285/841] 623 files from 295 folders
ERROR Francisco Fachini - Virtus: ElementHandle.dblclick: Element is not attached to
ERROR Fundação Assistencial Joaquim Tondo - Empresarial: ElementHandle.dblclick: Element is not attached to
ERROR Gabriel Angelo Bigolin: ElementHandle.dblclick: Element is not attached to
ERROR Gabriela Toss: ElementHandle.dblclick: Element is not attached to
ERROR Gabriela Toss- AUTO: ElementHandle.dblclick: Element is not attached to
ERROR Gabriely Circe Turossi (Filha Marluce): ElementHandle.dblclick: Element is not attached to
ERROR General Brew Comercio: ElementHandle.dblclick: Element is not attached to
[305/841] 631 files from 315 folders
[310/841] 643 files from 320 folders
[315/841] 655 files from 325 folders
[325/841] 670 files from 335 folders
[330/841] 682 files from 340 folders
[340/841] 712 files from 350 folders
[355/841] 739 files from 365 folders
[360/841] 750 files from 370 folders
[370/841] 798 files from 380 folders
[375/841] 819 files from 385 folders
[380/841] 828 files from 390 folders
[385/841] 846 files from 395 folders
[390/841] 865 files from 400 folders
[395/841] 896 files from 405 folders
[405/841] 917 files from 415 folders
[410/841] 934 files from 420 folders
[415/841] 939 files from 425 folders
[420/841] 950 files from 430 folders
[425/841] 968 files from 435 folders
[430/841] 977 files from 440 folders
[435/841] 985 files from 445 folders
[440/841] 989 files from 450 folders
[445/841] 991 files from 455 folders
[450/841] 1003 files from 460 folders
[465/841] 1022 files from 475 folders
[470/841] 1029 files from 480 folders
[480/841] 1040 files from 490 folders
[485/841] 1049 files from 495 folders
[490/841] 1061 files from 500 folders
[495/841] 1079 files from 505 folders
[505/841] 1094 files from 515 folders
[510/841] 1104 files from 520 folders
[525/841] 1130 files from 535 folders
[530/841] 1153 files from 540 folders
[540/841] 1174 files from 550 folders
[550/841] 1183 files from 560 folders
[560/841] 1190 files from 570 folders
[565/841] 1195 files from 575 folders
[570/841] 1198 files from 580 folders
[575/841] 1213 files from 585 folders
[585/841] 1227 files from 595 folders
[590/841] 1229 files from 600 folders
[595/841] 1235 files from 605 folders
[600/841] 1240 files from 610 folders
[620/841] 1260 files from 630 folders
[625/841] 1273 files from 635 folders
[630/841] 1274 files from 640 folders
[645/841] 1294 files from 655 folders
